Build started 1/8/2017 4:01:40 PM.
     1>Project "c:\Users\user\documents\visual studio 2010\Projects\Sorting_Algo_Simulation\Sorting_Algo_Simulation\Sorting_Algo_Simulation.vcxproj" on node 2 (build target(s)).
     1>PrepareForBuild:
         Creating directory "c:\users\user\documents\visual studio 2010\Projects\Sorting_Algo_Simulation\Debug\".
       InitializeBuildStatus:
         Creating "Debug\Sorting_Algo_Simulation.unsuccessfulbuild" because "AlwaysCreate" was specified.
       ClCompile:
         C:\Program Files (x86)\Microsoft Visual Studio 10.0\VC\bin\CL.exe /c /ZI /nologo /W3 /WX- /Od /Oy- /D _MBCS /Gm /EHsc /RTC1 /MDd /GS /fp:precise /Zc:wchar_t /Zc:forScope /Fo"Debug\\" /Fd"Debug\vc100.pdb" /Gd /TP /analyze- /errorReport:prompt iMain.cpp
         iMain.cpp
     1>c:\users\user\documents\visual studio 2010\projects\sorting_algo_simulation\sorting_algo_simulation\imain.cpp(822): warning C4996: 'strcpy': This function or variable may be unsafe. Consider using strcpy_s instead. To disable deprecation, use _CRT_SECURE_NO_WARNINGS. See online help for details.
                 c:\program files (x86)\microsoft visual studio 10.0\vc\include\string.h(105) : see declaration of 'strcpy'
     1>c:\users\user\documents\visual studio 2010\projects\sorting_algo_simulation\sorting_algo_simulation\imain.cpp(823): warning C4996: 'strcpy': This function or variable may be unsafe. Consider using strcpy_s instead. To disable deprecation, use _CRT_SECURE_NO_WARNINGS. See online help for details.
                 c:\program files (x86)\microsoft visual studio 10.0\vc\include\string.h(105) : see declaration of 'strcpy'
     1>c:\users\user\documents\visual studio 2010\projects\sorting_algo_simulation\sorting_algo_simulation\imain.cpp(824): warning C4996: 'strcpy': This function or variable may be unsafe. Consider using strcpy_s instead. To disable deprecation, use _CRT_SECURE_NO_WARNINGS. See online help for details.
                 c:\program files (x86)\microsoft visual studio 10.0\vc\include\string.h(105) : see declaration of 'strcpy'
     1>c:\users\user\documents\visual studio 2010\projects\sorting_algo_simulation\sorting_algo_simulation\imain.cpp(1167): warning C4996: 'strcpy': This function or variable may be unsafe. Consider using strcpy_s instead. To disable deprecation, use _CRT_SECURE_NO_WARNINGS. See online help for details.
                 c:\program files (x86)\microsoft visual studio 10.0\vc\include\string.h(105) : see declaration of 'strcpy'
     1>c:\users\user\documents\visual studio 2010\projects\sorting_algo_simulation\sorting_algo_simulation\imain.cpp(1168): warning C4996: 'strcpy': This function or variable may be unsafe. Consider using strcpy_s instead. To disable deprecation, use _CRT_SECURE_NO_WARNINGS. See online help for details.
                 c:\program files (x86)\microsoft visual studio 10.0\vc\include\string.h(105) : see declaration of 'strcpy'
     1>c:\users\user\documents\visual studio 2010\projects\sorting_algo_simulation\sorting_algo_simulation\imain.cpp(1169): warning C4996: 'strcpy': This function or variable may be unsafe. Consider using strcpy_s instead. To disable deprecation, use _CRT_SECURE_NO_WARNINGS. See online help for details.
                 c:\program files (x86)\microsoft visual studio 10.0\vc\include\string.h(105) : see declaration of 'strcpy'
     1>c:\users\user\documents\visual studio 2010\projects\sorting_algo_simulation\sorting_algo_simulation\imain.cpp(1258): warning C4996: 'strcpy': This function or variable may be unsafe. Consider using strcpy_s instead. To disable deprecation, use _CRT_SECURE_NO_WARNINGS. See online help for details.
                 c:\program files (x86)\microsoft visual studio 10.0\vc\include\string.h(105) : see declaration of 'strcpy'
     1>c:\users\user\documents\visual studio 2010\projects\sorting_algo_simulation\sorting_algo_simulation\imain.cpp(1259): warning C4996: 'strcpy': This function or variable may be unsafe. Consider using strcpy_s instead. To disable deprecation, use _CRT_SECURE_NO_WARNINGS. See online help for details.
                 c:\program files (x86)\microsoft visual studio 10.0\vc\include\string.h(105) : see declaration of 'strcpy'
     1>c:\users\user\documents\visual studio 2010\projects\sorting_algo_simulation\sorting_algo_simulation\imain.cpp(1260): warning C4996: 'strcpy': This function or variable may be unsafe. Consider using strcpy_s instead. To disable deprecation, use _CRT_SECURE_NO_WARNINGS. See online help for details.
                 c:\program files (x86)\microsoft visual studio 10.0\vc\include\string.h(105) : see declaration of 'strcpy'
     1>c:\users\user\documents\visual studio 2010\projects\sorting_algo_simulation\sorting_algo_simulation\imain.cpp(1473): warning C4996: 'strcpy': This function or variable may be unsafe. Consider using strcpy_s instead. To disable deprecation, use _CRT_SECURE_NO_WARNINGS. See online help for details.
                 c:\program files (x86)\microsoft visual studio 10.0\vc\include\string.h(105) : see declaration of 'strcpy'
     1>c:\users\user\documents\visual studio 2010\projects\sorting_algo_simulation\sorting_algo_simulation\imain.cpp(1474): warning C4996: 'strcpy': This function or variable may be unsafe. Consider using strcpy_s instead. To disable deprecation, use _CRT_SECURE_NO_WARNINGS. See online help for details.
                 c:\program files (x86)\microsoft visual studio 10.0\vc\include\string.h(105) : see declaration of 'strcpy'
     1>c:\users\user\documents\visual studio 2010\projects\sorting_algo_simulation\sorting_algo_simulation\imain.cpp(1475): warning C4996: 'strcpy': This function or variable may be unsafe. Consider using strcpy_s instead. To disable deprecation, use _CRT_SECURE_NO_WARNINGS. See online help for details.
                 c:\program files (x86)\microsoft visual studio 10.0\vc\include\string.h(105) : see declaration of 'strcpy'
       Link:
         C:\Program Files (x86)\Microsoft Visual Studio 10.0\VC\bin\link.exe /ERRORREPORT:PROMPT /OUT:"c:\users\user\documents\visual studio 2010\Projects\Sorting_Algo_Simulation\Debug\Sorting_Algo_Simulation.exe" /NOLOGO kernel32.lib user32.lib gdi32.lib winspool.lib comdlg32.lib advapi32.lib shell32.lib ole32.lib oleaut32.lib uuid.lib odbc32.lib odbccp32.lib /MANIFEST /ManifestFile:"Debug\Sorting_Algo_Simulation.exe.intermediate.manifest" /MANIFESTUAC:"level='asInvoker' uiAccess='false'" /DEBUG /PDB:"c:\users\user\documents\visual studio 2010\Projects\Sorting_Algo_Simulation\Debug\Sorting_Algo_Simulation.pdb" /TLBID:1 /DYNAMICBASE /NXCOMPAT /IMPLIB:"c:\users\user\documents\visual studio 2010\Projects\Sorting_Algo_Simulation\Debug\Sorting_Algo_Simulation.lib" /MACHINE:X86 Debug\iMain.obj
         GLUT32.LIB
         Sorting_Algo_Simulation.vcxproj -> c:\users\user\documents\visual studio 2010\Projects\Sorting_Algo_Simulation\Debug\Sorting_Algo_Simulation.exe
       Manifest:
         C:\Program Files (x86)\Microsoft SDKs\Windows\v7.0A\bin\mt.exe /nologo /verbose /outputresource:"c:\users\user\documents\visual studio 2010\Projects\Sorting_Algo_Simulation\Debug\Sorting_Algo_Simulation.exe;#1" /manifest Debug\Sorting_Algo_Simulation.exe.intermediate.manifest
       FinalizeBuildStatus:
         Deleting file "Debug\Sorting_Algo_Simulation.unsuccessfulbuild".
         Touching "Debug\Sorting_Algo_Simulation.lastbuildstate".
     1>Done Building Project "c:\Users\user\documents\visual studio 2010\Projects\Sorting_Algo_Simulation\Sorting_Algo_Simulation\Sorting_Algo_Simulation.vcxproj" (build target(s)).

Build succeeded.

Time Elapsed 00:00:01.36
